This file contains any messages produced by compilers while
running configure, to aid debugging if configure makes a mistake.

It was created by configure, which was
generated by GNU Autoconf 2.69.  Invocation command line was

  $ ./configure 

## --------- ##
## Platform. ##
## --------- ##

hostname = columPC
uname -m = x86_64
uname -r = 5.1.15-64
uname -s = Linux
uname -v = #1 SMP Mon Jul 1 14:00:23 BST 2019

/usr/bin/uname -p = unknown
/bin/uname -X     = unknown

/bin/arch              = unknown
/usr/bin/arch -k       = unknown
/usr/convex/getsysinfo = unknown
/usr/bin/hostinfo      = unknown
/bin/machine           = unknown
/usr/bin/oslevel       = unknown
/bin/universe          = unknown

PATH: /usr/prebin
PATH: /usr/local/bin
PATH: /usr/bin
PATH: /usr/X11R7/bin
PATH: /bin
PATH: /usr/games/bin
PATH: .
PATH: /opt/Csound-6.05/bin
PATH: /opt/FLTK/bin
PATH: /opt/Python-2.7.13/bin
PATH: /opt/Python-3.7.1/bin
PATH: /opt/Qt5/bin
PATH: /opt/SDL/bin
PATH: /opt/SDL2/bin
PATH: /opt/blender-2.79b/bin
PATH: /opt/boinc/bin
PATH: /opt/brlcad-7.26.4/bin
PATH: /opt/games/bin
PATH: /opt/gdbm-1.14.1/bin
PATH: /opt/ghostscript-9.23/bin
PATH: /opt/git-2.17.0/bin
PATH: /opt/lua-5.3.4/bin
PATH: /opt/lxc-3.0.1/bin
PATH: /opt/mujs-1.0.5/bin
PATH: /opt/netpbm-10.66.02/bin
PATH: /opt/opengl/bin
PATH: /opt/panda3d/bin
PATH: /opt/perl-5.24.1/bin
PATH: /opt/php-7.1.3/bin
PATH: /opt/qemu-2.8.1/bin
PATH: /opt/rustc-1.33.0/bin
PATH: /opt/schily/bin
PATH: /opt/squirrel-3.0/bin
PATH: /opt/tcl-8.6.8/bin
PATH: /opt/tinyscheme-1.41/bin
PATH: /opt/wine-3.12/bin


## ----------- ##
## Core tests. ##
## ----------- ##

configure:1927: checking for gcc
configure:1943: found /usr/bin/gcc
configure:1954: result: gcc
configure:2183: checking for C compiler version
configure:2192: gcc --version >&5
gcc (GCC) 8.1.0
Copyright (C) 2018 Free Software Foundation, Inc.
This is free software; see the source for copying conditions.  There is NO
warranty; not even for MERCHANTABILITY or FITNESS FOR A PARTICULAR PURPOSE.

configure:2203: $? = 0
configure:2192: gcc -v >&5
Using built-in specs.
COLLECT_GCC=gcc
COLLECT_LTO_WRAPPER=/usr/libexec/gcc/i486-pc-linux-gnu/8.1.0/lto-wrapper
Target: i486-pc-linux-gnu
Configured with: ../gcc-8.1.0-src/configure --prefix=/usr --sysconfdir=/etc --includedir=/usr/include --localstatedir=/var --mandir=/usr/share/man --infodir=/usr/share/info --host=i486-pc-linux-gnu --build=i486-pc-linux-gnu --target=i486-pc-linux-gnu --enable-languages=c,c++,go --disable-nls --disable-multilib
Thread model: posix
gcc version 8.1.0 (GCC) 
configure:2203: $? = 0
configure:2192: gcc -V >&5
gcc: error: unrecognized command line option '-V'
gcc: fatal error: no input files
compilation terminated.
configure:2203: $? = 1
configure:2192: gcc -qversion >&5
gcc: error: unrecognized command line option '-qversion'; did you mean '--version'?
gcc: fatal error: no input files
compilation terminated.
configure:2203: $? = 1
configure:2223: checking whether the C compiler works
configure:2245: gcc    conftest.c  >&5
configure:2249: $? = 0
configure:2297: result: yes
configure:2300: checking for C compiler default output file name
configure:2302: result: a.out
configure:2308: checking for suffix of executables
configure:2315: gcc -o conftest    conftest.c  >&5
configure:2319: $? = 0
configure:2341: result: 
configure:2363: checking whether we are cross compiling
configure:2371: gcc -o conftest    conftest.c  >&5
configure:2375: $? = 0
configure:2382: ./conftest
configure:2386: $? = 0
configure:2401: result: no
configure:2406: checking for suffix of object files
configure:2428: gcc -c   conftest.c >&5
configure:2432: $? = 0
configure:2453: result: o
configure:2457: checking whether we are using the GNU C compiler
configure:2476: gcc -c   conftest.c >&5
configure:2476: $? = 0
configure:2485: result: yes
configure:2494: checking whether gcc accepts -g
configure:2514: gcc -c -g  conftest.c >&5
configure:2514: $? = 0
configure:2555: result: yes
configure:2572: checking for gcc option to accept ISO C89
configure:2635: gcc  -c -g -O2  conftest.c >&5
configure:2635: $? = 0
configure:2648: result: none needed
configure:2674: checking whether make sets $(MAKE)
configure:2696: result: yes
configure:2748: checking for a BSD-compatible install
configure:2816: result: /bin/install -c
configure:2833: checking how to run the C preprocessor
configure:2864: gcc -E  conftest.c
configure:2864: $? = 0
configure:2878: gcc -E  conftest.c
conftest.c:9:10: fatal error: ac_nonexistent.h: No such file or directory
 #include <ac_nonexistent.h>
          ^~~~~~~~~~~~~~~~~~
compilation terminated.
configure:2878: $? = 1
configure: failed program was:
| /* confdefs.h */
| #define PACKAGE_NAME ""
| #define PACKAGE_TARNAME ""
| #define PACKAGE_VERSION ""
| #define PACKAGE_STRING ""
| #define PACKAGE_BUGREPORT ""
| #define PACKAGE_URL ""
| /* end confdefs.h.  */
| #include <ac_nonexistent.h>
configure:2903: result: gcc -E
configure:2923: gcc -E  conftest.c
configure:2923: $? = 0
configure:2937: gcc -E  conftest.c
conftest.c:9:10: fatal error: ac_nonexistent.h: No such file or directory
 #include <ac_nonexistent.h>
          ^~~~~~~~~~~~~~~~~~
compilation terminated.
configure:2937: $? = 1
configure: failed program was:
| /* confdefs.h */
| #define PACKAGE_NAME ""
| #define PACKAGE_TARNAME ""
| #define PACKAGE_VERSION ""
| #define PACKAGE_STRING ""
| #define PACKAGE_BUGREPORT ""
| #define PACKAGE_URL ""
| /* end confdefs.h.  */
| #include <ac_nonexistent.h>
configure:2966: checking for grep that handles long lines and -e
configure:3024: result: /bin/grep
configure:3029: checking for egrep
configure:3091: result: /bin/grep -E
configure:3096: checking for ANSI C header files
configure:3116: gcc -c -g -O2  conftest.c >&5
configure:3116: $? = 0
configure:3189: gcc -o conftest -g -O2   conftest.c  >&5
configure:3189: $? = 0
configure:3189: ./conftest
configure:3189: $? = 0
configure:3200: result: yes
configure:3215: checking for special C compiler options needed for large files
configure:3260: result: no
configure:3266: checking for _FILE_OFFSET_BITS value needed for large files
configure:3291: gcc -c -g -O2  conftest.c >&5
conftest.c:15:33: warning: left shift count >= width of type [-Wshift-count-overflow]
 #define LARGE_OFF_T (((off_t) 1 << 62) - 1 + ((off_t) 1 << 62))
                                 ^~
conftest.c:16:23: note: in expansion of macro 'LARGE_OFF_T'
   int off_t_is_large[(LARGE_OFF_T % 2147483629 == 721
                       ^~~~~~~~~~~
conftest.c:15:57: warning: left shift count >= width of type [-Wshift-count-overflow]
 #define LARGE_OFF_T (((off_t) 1 << 62) - 1 + ((off_t) 1 << 62))
                                                         ^~
conftest.c:16:23: note: in expansion of macro 'LARGE_OFF_T'
   int off_t_is_large[(LARGE_OFF_T % 2147483629 == 721
                       ^~~~~~~~~~~
conftest.c:15:33: warning: left shift count >= width of type [-Wshift-count-overflow]
 #define LARGE_OFF_T (((off_t) 1 << 62) - 1 + ((off_t) 1 << 62))
                                 ^~
conftest.c:17:13: note: in expansion of macro 'LARGE_OFF_T'
          && LARGE_OFF_T % 2147483647 == 1)
             ^~~~~~~~~~~
conftest.c:15:57: warning: left shift count >= width of type [-Wshift-count-overflow]
 #define LARGE_OFF_T (((off_t) 1 << 62) - 1 + ((off_t) 1 << 62))
                                                         ^~
conftest.c:17:13: note: in expansion of macro 'LARGE_OFF_T'
          && LARGE_OFF_T % 2147483647 == 1)
             ^~~~~~~~~~~
conftest.c:16:7: error: variably modified 'off_t_is_large' at file scope
   int off_t_is_large[(LARGE_OFF_T % 2147483629 == 721
       ^~~~~~~~~~~~~~
configure:3291: $? = 1
configure: failed program was:
| /* confdefs.h */
| #define PACKAGE_NAME ""
| #define PACKAGE_TARNAME ""
| #define PACKAGE_VERSION ""
| #define PACKAGE_STRING ""
| #define PACKAGE_BUGREPORT ""
| #define PACKAGE_URL ""
| #define STDC_HEADERS 1
| /* end confdefs.h.  */
| #include <sys/types.h>
|  /* Check that off_t can represent 2**63 - 1 correctly.
|     We can't simply define LARGE_OFF_T to be 9223372036854775807,
|     since some C++ compilers masquerading as C compilers
|     incorrectly reject 9223372036854775807.  */
| #define LARGE_OFF_T (((off_t) 1 << 62) - 1 + ((off_t) 1 << 62))
|   int off_t_is_large[(LARGE_OFF_T % 2147483629 == 721
| 		       && LARGE_OFF_T % 2147483647 == 1)
| 		      ? 1 : -1];
| int
| main ()
| {
| 
|   ;
|   return 0;
| }
configure:3315: gcc -c -g -O2  conftest.c >&5
configure:3315: $? = 0
configure:3323: result: 64
configure:3415: checking for /usr/X11/include/X11/X.h
configure:3428: result: no
configure:3433: checking for /usr/X11R7/include/X11/X.h
configure:3446: result: yes
configure:3499: checking for XOpenDisplay in -lX11
configure:3524: gcc -o conftest -g -O2 -I/usr/X11R7/include   -L/usr/X11R7/lib conftest.c -lX11   >&5
configure:3524: $? = 0
configure:3533: result: yes
configure:3707: creating ./config.status

## ---------------------- ##
## Running config.status. ##
## ---------------------- ##

This file was extended by config.status, which was
generated by GNU Autoconf 2.69.  Invocation command line was

  CONFIG_FILES    = 
  CONFIG_HEADERS  = 
  CONFIG_LINKS    = 
  CONFIG_COMMANDS = 
  $ ./config.status 

on columPC

config.status:728: creating Makefile
configure:4784: === configuring in libUseful (/home/colum/xkeyjoy/libUseful)
configure:4847: running /bin/sh ./configure --disable-option-checking '--prefix=/usr/local'  --cache-file=/dev/null --srcdir=.

## ---------------- ##
## Cache variables. ##
## ---------------- ##

ac_cv_c_compiler_gnu=yes
ac_cv_env_CC_set=
ac_cv_env_CC_value=
ac_cv_env_CFLAGS_set=
ac_cv_env_CFLAGS_value=
ac_cv_env_CPPFLAGS_set=
ac_cv_env_CPPFLAGS_value=
ac_cv_env_CPP_set=
ac_cv_env_CPP_value=
ac_cv_env_LDFLAGS_set=
ac_cv_env_LDFLAGS_value=
ac_cv_env_LIBS_set=
ac_cv_env_LIBS_value=
ac_cv_env_build_alias_set=
ac_cv_env_build_alias_value=
ac_cv_env_host_alias_set=
ac_cv_env_host_alias_value=
ac_cv_env_target_alias_set=
ac_cv_env_target_alias_value=
ac_cv_file__usr_X11R7_include_X11_X_h=yes
ac_cv_file__usr_X11_include_X11_X_h=no
ac_cv_header_stdc=yes
ac_cv_lib_X11_XOpenDisplay=yes
ac_cv_objext=o
ac_cv_path_EGREP='/bin/grep -E'
ac_cv_path_GREP=/bin/grep
ac_cv_path_install='/bin/install -c'
ac_cv_prog_CPP='gcc -E'
ac_cv_prog_ac_ct_CC=gcc
ac_cv_prog_cc_c89=
ac_cv_prog_cc_g=yes
ac_cv_prog_make_make_set=yes
ac_cv_sys_file_offset_bits=64
ac_cv_sys_largefile_CC=no

## ----------------- ##
## Output variables. ##
## ----------------- ##

CC='gcc'
CFLAGS='-g -O2 -I/usr/X11R7/include'
CPP='gcc -E'
CPPFLAGS=''
DEFS='-DPACKAGE_NAME=\"\" -DPACKAGE_TARNAME=\"\" -DPACKAGE_VERSION=\"\" -DPACKAGE_STRING=\"\" -DPACKAGE_BUGREPORT=\"\" -DPACKAGE_URL=\"\" -DSTDC_HEADERS=1 -D_FILE_OFFSET_BITS=64 -DHAVE_LIBX11=1 -DHAVE_X11=1'
ECHO_C=''
ECHO_N='-n'
ECHO_T=''
EGREP='/bin/grep -E'
EXEEXT=''
GREP='/bin/grep'
INSTALL_DATA='${INSTALL} -m 644'
INSTALL_PROGRAM='${INSTALL}'
INSTALL_SCRIPT='${INSTALL}'
LDFLAGS=' -L/usr/X11R7/lib'
LIBOBJS=''
LIBS='-lX11 '
LTLIBOBJS=''
OBJEXT='o'
PACKAGE_BUGREPORT=''
PACKAGE_NAME=''
PACKAGE_STRING=''
PACKAGE_TARNAME=''
PACKAGE_URL=''
PACKAGE_VERSION=''
PATH_SEPARATOR=':'
SET_MAKE=''
SHELL='/bin/sh'
ac_ct_CC='gcc'
bindir='${exec_prefix}/bin'
build_alias=''
datadir='${datarootdir}'
datarootdir='${prefix}/share'
docdir='${datarootdir}/doc/${PACKAGE}'
dvidir='${docdir}'
exec_prefix='${prefix}'
host_alias=''
htmldir='${docdir}'
includedir='${prefix}/include'
infodir='${datarootdir}/info'
libdir='${exec_prefix}/lib'
libexecdir='${exec_prefix}/libexec'
localedir='${datarootdir}/locale'
localstatedir='${prefix}/var'
mandir='${datarootdir}/man'
oldincludedir='/usr/include'
pdfdir='${docdir}'
prefix='/usr/local'
program_transform_name='s,x,x,'
psdir='${docdir}'
sbindir='${exec_prefix}/sbin'
sharedstatedir='${prefix}/com'
subdirs=' libUseful'
sysconfdir='${prefix}/etc'
target_alias=''

## ----------- ##
## confdefs.h. ##
## ----------- ##

/* confdefs.h */
#define PACKAGE_NAME ""
#define PACKAGE_TARNAME ""
#define PACKAGE_VERSION ""
#define PACKAGE_STRING ""
#define PACKAGE_BUGREPORT ""
#define PACKAGE_URL ""
#define STDC_HEADERS 1
#define _FILE_OFFSET_BITS 64
#define HAVE_LIBX11 1
#define HAVE_X11 1

configure: exit 0
