PK: 327 pause
PK: 328 print
PK: 330 insert
PK: 334 shift-win
PK: 329 scrlck
PK: 512 www
PK: 518 calc
PK: 97 a
PK: 97 a
PK: 97 a
PK: 97 a
PK: 113 q
PK: 122 z
PK: 120 x
PK: 53 5
PK: 113 q
PK: 97 a
PK: 122 z
PK: 120 x
PK: 113 q
PK: 122 z
PK: 120 x
PK: 113 q
PK: 327 pause
PK: 328 print
PK: 330 insert
PK: 334 shift-win
PK: 329 scrlck
PK: 512 www
PK: 518 calc
PK: 48 0
PK: 48 0
PK: 48 0
PK: 48 0
PK: 54 6
PK: 55 7
PK: 115 s
PK: 327 pause
PK: 328 print
PK: 330 insert
PK: 334 shift-win
PK: 329 scrlck
PK: 512 www
PK: 518 calc
PK: 48 0
PK: 48 0
PK: 48 0
PK: 48 0
PK: 54 6
PK: 55 7
PK: 57 9
PK: 57 9
PK: 48 0
PK: 115 s
PK: 327 pause
PK: 328 print
PK: 330 insert
PK: 334 shift-win
PK: 329 scrlck
PK: 512 www
PK: 518 calc
PK: 32 space
PK: 32 space
PK: 32 space
PK: 100 d
PK: 100 d
PK: 113 q
PK: 122 z
PK: 115 s
PK: 327 pause
PK: 328 print
PK: 330 insert
PK: 334 shift-win
PK: 329 scrlck
PK: 512 www
PK: 518 calc
PK: 48 0
PK: 48 0
PK: 48 0
PK: 54 6
PK: 55 7
PK: 57 9
PK: 56 8
PK: 115 s
PK: 327 pause
PK: 328 print
PK: 330 insert
PK: 334 shift-win
PK: 329 scrlck
PK: 512 www
PK: 518 calc
PK: 48 0
PK: 48 0
PK: 48 0
PK: 53 5
PK: 55 7
PK: 54 6
PK: 56 8
PK: 49 1
PK: 327 pause
PK: 328 print
PK: 330 insert
PK: 334 shift-win
PK: 329 scrlck
PK: 512 www
PK: 518 calc
PK: 113 q
PK: 113 q
PK: 113 q
PK: 120 x
PK: 122 z
PK: 97 a
PK: 56 8
PK: 115 s
PK: 327 pause
PK: 328 print
PK: 330 insert
PK: 334 shift-win
PK: 329 scrlck
PK: 512 www
PK: 518 calc
PK: 112 p
PK: 32 space
PK: 49 1
PK: 50 2
PK: 113 q
PK: 97 a
PK: 49 1
PK: 327 pause
PK: 328 print
PK: 330 insert
PK: 334 shift-win
PK: 329 scrlck
PK: 512 www
PK: 518 calc
PK: 32 space
PK: 32 space
PK: 111 o
PK: 112 p
PK: 113 q
PK: 97 a
PK: 53 5
PK: 327 pause
PK: 328 print
PK: 330 insert
PK: 334 shift-win
PK: 329 scrlck
PK: 512 www
PK: 518 calc
PK: 32 space
PK: 32 space
PK: 32 space
PK: 97 a
PK: 323 left
PK: 324 right
PK: 107 k
PK: 327 pause
PK: 328 print
PK: 330 insert
PK: 334 shift-win
PK: 329 scrlck
PK: 512 www
PK: 518 calc
PK: 32 space
PK: 32 space
PK: 32 space
PK: 32 space
PK: 32 space
PK: 32 space
PK: 323 left
PK: 324 right
PK: 115 s
PK: 323 left
PK: 324 right
PK: 323 left
PK: 324 right
PK: 327 pause
PK: 328 print
PK: 330 insert
PK: 334 shift-win
PK: 329 scrlck
PK: 512 www
PK: 518 calc
PK: 339 lctrl
PK: 337 lshift
PK: 337 lshift
PK: 32 space
PK: 339 lctrl
PK: 337 lshift
PK: 323 left
PK: 324 right
PK: 321 up
PK: 322 down
PK: 32 space
PK: 327 pause
PK: 328 print
PK: 330 insert
PK: 334 shift-win
PK: 329 scrlck
PK: 512 www
PK: 518 calc
PK: 323 left
PK: 324 right
PK: 321 up
PK: 322 down
PK: 10 enter
PK: 32 space
PK: 122 z
PK: 120 x
PK: 122 z
PK: 120 x
PK: 122 z
PK: 120 x
PK: 327 pause
PK: 328 print
PK: 330 insert
PK: 334 shift-win
PK: 329 scrlck
PK: 512 www
PK: 518 calc
PK: 323 left
PK: 324 right
PK: 321 up
PK: 322 down
PK: 10 enter
PK: 97 a
PK: 115 s
PK: 97 a
PK: 115 s
PK: 100 d
PK: 97 a
PK: 327 pause
PK: 328 print
PK: 330 insert
PK: 334 shift-win
PK: 329 scrlck
PK: 512 www
PK: 518 calc
PK: 323 left
PK: 324 right
PK: 321 up
PK: 322 down
PK: 10 enter
PK: 32 space
PK: 32 space
PK: 32 space
PK: 32 space
PK: 32 space
PK: 32 space
PK: 327 pause
PK: 327 pause
PK: 327 pause
PK: 328 print
PK: 330 insert
PK: 334 shift-win
PK: 329 scrlck
PK: 512 www
PK: 518 calc
PK: 10 enter
PK: 10 enter
PK: 10 enter
PK: 10 enter
PK: 321 up
PK: 322 down
PK: 323 left
PK: 324 right
PK: 327 pause
PK: 328 print
PK: 330 insert
PK: 334 shift-win
PK: 329 scrlck
PK: 512 www
PK: 518 calc
PK: 321 up
PK: 321 up
PK: 321 up
PK: 321 up
PK: 321 up
PK: 321 up
PK: 323 left
PK: 324 right
PK: 321 up
PK: 322 down
PK: 10 enter
PK: 327 pause
PK: 328 print
PK: 330 insert
PK: 334 shift-win
PK: 329 scrlck
PK: 512 www
PK: 518 calc
PK: 337 lshift
PK: 337 lshift
PK: 337 lshift
PK: 97 a
PK: 323 left
PK: 324 right
PK: 321 up
PK: 322 down
PK: 32 space
PK: 327 pause
PK: 328 print
PK: 330 insert
PK: 334 shift-win
PK: 329 scrlck
PK: 512 www
PK: 518 calc
PK: 332 pgup
PK: 333 pgdn
PK: 327 pause
PK: 328 print
PK: 330 insert
PK: 334 shift-win
PK: 329 scrlck
PK: 512 www
PK: 518 calc
