This file contains any messages produced by compilers while
running configure, to aid debugging if configure makes a mistake.

It was created by configure, which was
generated by GNU Autoconf 2.69.  Invocation command line was

  $ ./configure --disable-option-checking --prefix=/usr/local --with-libuseful=no --cache-file=/dev/null --srcdir=.

## --------- ##
## Platform. ##
## --------- ##

hostname = DellM6400
uname -m = x86_64
uname -r = 5.19.6-64
uname -s = Linux
uname -v = #1 SMP PREEMPT_DYNAMIC Sat Sep 3 14:17:57 BST 2022

/usr/bin/uname -p = unknown
/bin/uname -X     = unknown

/bin/arch              = unknown
/usr/bin/arch -k       = unknown
/usr/convex/getsysinfo = unknown
/usr/bin/hostinfo      = unknown
/bin/machine           = unknown
/usr/bin/oslevel       = unknown
/bin/universe          = unknown

PATH: /usr/prebin
PATH: /usr/local/bin
PATH: /usr/bin
PATH: /usr/X11R7/bin
PATH: /bin
PATH: /usr/games/bin
PATH: .
PATH: /opt/blender-2.79b/bin
PATH: /opt/brlcad-7.26.4/bin
PATH: /opt/chess/bin
PATH: /opt/cmake-3.26.4/bin
PATH: /opt/Csound-6.05/bin
PATH: /opt/Drawing/bin
PATH: /opt/FLTK/bin
PATH: /opt/games/bin
PATH: /opt/ghostscript-9.26/bin
PATH: /opt/ghostscript-9.28rc2/bin
PATH: /opt/gifprogs-5.1.2/bin
PATH: /opt/git-2.21.0/bin
PATH: /opt/graphviz-2.40.1/bin
PATH: /opt/GTK/bin
PATH: /opt/jpegprogs-9c/bin
PATH: /opt/LibreCAD/bin
PATH: /opt/lua-5.3.4/bin
PATH: /opt/luajid-2.0.4/bin
PATH: /opt/mujs-1.0.5/bin
PATH: /opt/netpbm-10.66.02/bin
PATH: /opt/ogre-3d/bin
PATH: /opt/OoklaSpeedtest/bin
PATH: /opt/opengl/bin
PATH: /opt/perl-5.24.1/bin
PATH: /opt/pngprogs-1.6.30/bin
PATH: /opt/Python-2.7.15/bin
PATH: /opt/Python-3.11.3/bin
PATH: /opt/qemu-3.1.0_SDL/bin
PATH: /opt/Qt5/bin
PATH: /opt/ruby-2.7.1/bin
PATH: /opt/SDL2/bin
PATH: /opt/SDL/bin
PATH: /opt/sound-studio/bin
PATH: /opt/tcl-8.6.9/bin
PATH: /opt/tiffprogs-4.0.8/bin
PATH: /opt/wine-8.2/bin


## ----------- ##
## Core tests. ##
## ----------- ##

configure:2197: checking for gcc
configure:2213: found /usr/bin/gcc
configure:2224: result: gcc
configure:2453: checking for C compiler version
configure:2462: gcc --version >&5
gcc (GCC) 8.3.0
Copyright (C) 2018 Free Software Foundation, Inc.
This is free software; see the source for copying conditions.  There is NO
warranty; not even for MERCHANTABILITY or FITNESS FOR A PARTICULAR PURPOSE.

configure:2473: $? = 0
configure:2462: gcc -v >&5
Using built-in specs.
COLLECT_GCC=gcc
COLLECT_LTO_WRAPPER=/usr/libexec/gcc/i486-pc-linux-gnu/8.3.0/lto-wrapper
Target: i486-pc-linux-gnu
Configured with: ../gcc-8.3.0-src/configure --enable-languages=c,c++,go --disable-nls --disable-multilib --prefix=/usr --sysconfdir=/etc --includedir=/usr/include --localstatedir=/var --mandir=/usr/share/man --infodir=/usr/share/info --host=i486-pc-linux-gnu --build=i486-pc-linux-gnu --target=i486-pc-linux-gnu
Thread model: posix
gcc version 8.3.0 (GCC) 
configure:2473: $? = 0
configure:2462: gcc -V >&5
gcc: error: unrecognized command line option '-V'
gcc: fatal error: no input files
compilation terminated.
configure:2473: $? = 1
configure:2462: gcc -qversion >&5
gcc: error: unrecognized command line option '-qversion'; did you mean '--version'?
gcc: fatal error: no input files
compilation terminated.
configure:2473: $? = 1
configure:2493: checking whether the C compiler works
configure:2515: gcc    conftest.c  >&5
configure:2519: $? = 0
configure:2567: result: yes
configure:2570: checking for C compiler default output file name
configure:2572: result: a.out
configure:2578: checking for suffix of executables
configure:2585: gcc -o conftest    conftest.c  >&5
configure:2589: $? = 0
configure:2611: result: 
configure:2633: checking whether we are cross compiling
configure:2641: gcc -o conftest    conftest.c  >&5
configure:2645: $? = 0
configure:2652: ./conftest
configure:2656: $? = 0
configure:2671: result: no
configure:2676: checking for suffix of object files
configure:2698: gcc -c   conftest.c >&5
configure:2702: $? = 0
configure:2723: result: o
configure:2727: checking whether we are using the GNU C compiler
configure:2746: gcc -c   conftest.c >&5
configure:2746: $? = 0
configure:2755: result: yes
configure:2764: checking whether gcc accepts -g
configure:2784: gcc -c -g  conftest.c >&5
configure:2784: $? = 0
configure:2825: result: yes
configure:2842: checking for gcc option to accept ISO C89
configure:2905: gcc  -c -g -O2  conftest.c >&5
configure:2905: $? = 0
configure:2918: result: none needed
configure:2944: checking whether make sets $(MAKE)
configure:2966: result: yes
configure:2981: checking how to run the C preprocessor
configure:3012: gcc -E  conftest.c
configure:3012: $? = 0
configure:3026: gcc -E  conftest.c
conftest.c:9:10: fatal error: ac_nonexistent.h: No such file or directory
 #include <ac_nonexistent.h>
          ^~~~~~~~~~~~~~~~~~
compilation terminated.
configure:3026: $? = 1
configure: failed program was:
| /* confdefs.h */
| #define PACKAGE_NAME ""
| #define PACKAGE_TARNAME ""
| #define PACKAGE_VERSION ""
| #define PACKAGE_STRING ""
| #define PACKAGE_BUGREPORT ""
| #define PACKAGE_URL ""
| /* end confdefs.h.  */
| #include <ac_nonexistent.h>
configure:3051: result: gcc -E
configure:3071: gcc -E  conftest.c
configure:3071: $? = 0
configure:3085: gcc -E  conftest.c
conftest.c:9:10: fatal error: ac_nonexistent.h: No such file or directory
 #include <ac_nonexistent.h>
          ^~~~~~~~~~~~~~~~~~
compilation terminated.
configure:3085: $? = 1
configure: failed program was:
| /* confdefs.h */
| #define PACKAGE_NAME ""
| #define PACKAGE_TARNAME ""
| #define PACKAGE_VERSION ""
| #define PACKAGE_STRING ""
| #define PACKAGE_BUGREPORT ""
| #define PACKAGE_URL ""
| /* end confdefs.h.  */
| #include <ac_nonexistent.h>
configure:3114: checking for grep that handles long lines and -e
configure:3172: result: /bin/grep
configure:3177: checking for egrep
configure:3239: result: /bin/grep -E
configure:3244: checking for ANSI C header files
configure:3264: gcc -c -g -O2  conftest.c >&5
configure:3264: $? = 0
configure:3337: gcc -o conftest -g -O2   conftest.c  >&5
configure:3337: $? = 0
configure:3337: ./conftest
configure:3337: $? = 0
configure:3348: result: yes
configure:3363: checking for special C compiler options needed for large files
configure:3408: result: no
configure:3414: checking for _FILE_OFFSET_BITS value needed for large files
configure:3439: gcc -c -g -O2  conftest.c >&5
conftest.c:15:33: warning: left shift count >= width of type [-Wshift-count-overflow]
 #define LARGE_OFF_T (((off_t) 1 << 62) - 1 + ((off_t) 1 << 62))
                                 ^~
conftest.c:16:23: note: in expansion of macro 'LARGE_OFF_T'
   int off_t_is_large[(LARGE_OFF_T % 2147483629 == 721
                       ^~~~~~~~~~~
conftest.c:15:57: warning: left shift count >= width of type [-Wshift-count-overflow]
 #define LARGE_OFF_T (((off_t) 1 << 62) - 1 + ((off_t) 1 << 62))
                                                         ^~
conftest.c:16:23: note: in expansion of macro 'LARGE_OFF_T'
   int off_t_is_large[(LARGE_OFF_T % 2147483629 == 721
                       ^~~~~~~~~~~
conftest.c:15:33: warning: left shift count >= width of type [-Wshift-count-overflow]
 #define LARGE_OFF_T (((off_t) 1 << 62) - 1 + ((off_t) 1 << 62))
                                 ^~
conftest.c:17:13: note: in expansion of macro 'LARGE_OFF_T'
          && LARGE_OFF_T % 2147483647 == 1)
             ^~~~~~~~~~~
conftest.c:15:57: warning: left shift count >= width of type [-Wshift-count-overflow]
 #define LARGE_OFF_T (((off_t) 1 << 62) - 1 + ((off_t) 1 << 62))
                                                         ^~
conftest.c:17:13: note: in expansion of macro 'LARGE_OFF_T'
          && LARGE_OFF_T % 2147483647 == 1)
             ^~~~~~~~~~~
conftest.c:16:7: error: variably modified 'off_t_is_large' at file scope
   int off_t_is_large[(LARGE_OFF_T % 2147483629 == 721
       ^~~~~~~~~~~~~~
configure:3439: $? = 1
configure: failed program was:
| /* confdefs.h */
| #define PACKAGE_NAME ""
| #define PACKAGE_TARNAME ""
| #define PACKAGE_VERSION ""
| #define PACKAGE_STRING ""
| #define PACKAGE_BUGREPORT ""
| #define PACKAGE_URL ""
| #define STDC_HEADERS 1
| /* end confdefs.h.  */
| #include <sys/types.h>
|  /* Check that off_t can represent 2**63 - 1 correctly.
|     We can't simply define LARGE_OFF_T to be 9223372036854775807,
|     since some C++ compilers masquerading as C compilers
|     incorrectly reject 9223372036854775807.  */
| #define LARGE_OFF_T (((off_t) 1 << 62) - 1 + ((off_t) 1 << 62))
|   int off_t_is_large[(LARGE_OFF_T % 2147483629 == 721
| 		       && LARGE_OFF_T % 2147483647 == 1)
| 		      ? 1 : -1];
| int
| main ()
| {
| 
|   ;
|   return 0;
| }
configure:3463: gcc -c -g -O2  conftest.c >&5
configure:3463: $? = 0
configure:3471: result: 64
configure:3568: checking for get_current_dir_name in -lc
configure:3593: gcc -o conftest -g -O2   conftest.c -lc   >&5
configure:3593: $? = 0
configure:3602: result: yes
configure:3624: checking for ptsname_r
configure:3624: gcc -o conftest -g -O2   conftest.c -lc  >&5
configure:3624: $? = 0
configure:3624: result: yes
configure:3624: checking for clearenv
configure:3624: gcc -o conftest -g -O2   conftest.c -lc  >&5
configure:3624: $? = 0
configure:3624: result: yes
configure:3624: checking for setresuid
configure:3624: gcc -o conftest -g -O2   conftest.c -lc  >&5
configure:3624: $? = 0
configure:3624: result: yes
configure:3624: checking for initgroups
configure:3624: gcc -o conftest -g -O2   conftest.c -lc  >&5
configure:3624: $? = 0
configure:3624: result: yes
configure:3624: checking for poll
configure:3624: gcc -o conftest -g -O2   conftest.c -lc  >&5
configure:3624: $? = 0
configure:3624: result: yes
configure:3624: checking for mlock
configure:3624: gcc -o conftest -g -O2   conftest.c -lc  >&5
configure:3624: $? = 0
configure:3624: result: yes
configure:3624: checking for mlockall
configure:3624: gcc -o conftest -g -O2   conftest.c -lc  >&5
configure:3624: $? = 0
configure:3624: result: yes
configure:3624: checking for munlockall
configure:3624: gcc -o conftest -g -O2   conftest.c -lc  >&5
configure:3624: $? = 0
configure:3624: result: yes
configure:3624: checking for madvise
configure:3624: gcc -o conftest -g -O2   conftest.c -lc  >&5
configure:3624: $? = 0
configure:3624: result: yes
configure:3624: checking for htonll
configure:3624: gcc -o conftest -g -O2   conftest.c -lc  >&5
/usr/lib/gcc/i486-pc-linux-gnu/8.3.0/../../../../i486-pc-linux-gnu/bin/ld: /tmp/ccohCnUw.o: in function `main':
/tmp/xkeyjoy/libUseful-5/conftest.c:56: undefined reference to `htonll'
collect2: error: ld returned 1 exit status
configure:3624: $? = 1
configure: failed program was:
| /* confdefs.h */
| #define PACKAGE_NAME ""
| #define PACKAGE_TARNAME ""
| #define PACKAGE_VERSION ""
| #define PACKAGE_STRING ""
| #define PACKAGE_BUGREPORT ""
| #define PACKAGE_URL ""
| #define STDC_HEADERS 1
| #define _FILE_OFFSET_BITS 64
| #define HAVE_LIBC 1
| #define HAVE_GET_CURR_DIR 1
| #define HAVE_PTSNAME_R 1
| #define HAVE_CLEARENV 1
| #define HAVE_SETRESUID 1
| #define HAVE_INITGROUPS 1
| #define HAVE_POLL 1
| #define HAVE_MLOCK 1
| #define HAVE_MLOCKALL 1
| #define HAVE_MUNLOCKALL 1
| #define HAVE_MADVISE 1
| /* end confdefs.h.  */
| /* Define htonll to an innocuous variant, in case <limits.h> declares htonll.
|    For example, HP-UX 11i <limits.h> declares gettimeofday.  */
| #define htonll innocuous_htonll
| 
| /* System header to define __stub macros and hopefully few prototypes,
|     which can conflict with char htonll (); below.
|     Prefer <limits.h> to <assert.h> if __STDC__ is defined, since
|     <limits.h> exists even on freestanding compilers.  */
| 
| #ifdef __STDC__
| # include <limits.h>
| #else
| # include <assert.h>
| #endif
| 
| #undef htonll
| 
| /* Override any GCC internal prototype to avoid an error.
|    Use char because int might match the return type of a GCC
|    builtin and then its argument prototype would still apply.  */
| #ifdef __cplusplus
| extern "C"
| #endif
| char htonll ();
| /* The GNU C library defines this for functions which it implements
|     to always fail with ENOSYS.  Some functions are actually named
|     something starting with __ and the normal name is an alias.  */
| #if defined __stub_htonll || defined __stub___htonll
| choke me
| #endif
| 
| int
| main ()
| {
| return htonll ();
|   ;
|   return 0;
| }
configure:3624: result: no
configure:3624: checking for ntohll
configure:3624: gcc -o conftest -g -O2   conftest.c -lc  >&5
/usr/lib/gcc/i486-pc-linux-gnu/8.3.0/../../../../i486-pc-linux-gnu/bin/ld: /tmp/ccKy4qFC.o: in function `main':
/tmp/xkeyjoy/libUseful-5/conftest.c:56: undefined reference to `ntohll'
collect2: error: ld returned 1 exit status
configure:3624: $? = 1
configure: failed program was:
| /* confdefs.h */
| #define PACKAGE_NAME ""
| #define PACKAGE_TARNAME ""
| #define PACKAGE_VERSION ""
| #define PACKAGE_STRING ""
| #define PACKAGE_BUGREPORT ""
| #define PACKAGE_URL ""
| #define STDC_HEADERS 1
| #define _FILE_OFFSET_BITS 64
| #define HAVE_LIBC 1
| #define HAVE_GET_CURR_DIR 1
| #define HAVE_PTSNAME_R 1
| #define HAVE_CLEARENV 1
| #define HAVE_SETRESUID 1
| #define HAVE_INITGROUPS 1
| #define HAVE_POLL 1
| #define HAVE_MLOCK 1
| #define HAVE_MLOCKALL 1
| #define HAVE_MUNLOCKALL 1
| #define HAVE_MADVISE 1
| /* end confdefs.h.  */
| /* Define ntohll to an innocuous variant, in case <limits.h> declares ntohll.
|    For example, HP-UX 11i <limits.h> declares gettimeofday.  */
| #define ntohll innocuous_ntohll
| 
| /* System header to define __stub macros and hopefully few prototypes,
|     which can conflict with char ntohll (); below.
|     Prefer <limits.h> to <assert.h> if __STDC__ is defined, since
|     <limits.h> exists even on freestanding compilers.  */
| 
| #ifdef __STDC__
| # include <limits.h>
| #else
| # include <assert.h>
| #endif
| 
| #undef ntohll
| 
| /* Override any GCC internal prototype to avoid an error.
|    Use char because int might match the return type of a GCC
|    builtin and then its argument prototype would still apply.  */
| #ifdef __cplusplus
| extern "C"
| #endif
| char ntohll ();
| /* The GNU C library defines this for functions which it implements
|     to always fail with ENOSYS.  Some functions are actually named
|     something starting with __ and the normal name is an alias.  */
| #if defined __stub_ntohll || defined __stub___ntohll
| choke me
| #endif
| 
| int
| main ()
| {
| return ntohll ();
|   ;
|   return 0;
| }
configure:3624: result: no
configure:3624: checking for mkostemp
configure:3624: gcc -o conftest -g -O2   conftest.c -lc  >&5
configure:3624: $? = 0
configure:3624: result: yes
configure:3624: checking for mount
configure:3624: gcc -o conftest -g -O2   conftest.c -lc  >&5
configure:3624: $? = 0
configure:3624: result: yes
configure:3624: checking for umount
configure:3624: gcc -o conftest -g -O2   conftest.c -lc  >&5
configure:3624: $? = 0
configure:3624: result: yes
configure:3624: checking for umount2
configure:3624: gcc -o conftest -g -O2   conftest.c -lc  >&5
configure:3624: $? = 0
configure:3624: result: yes
configure:3624: checking for getentropy
configure:3624: gcc -o conftest -g -O2   conftest.c -lc  >&5
configure:3624: $? = 0
configure:3624: result: yes
configure:3650: checking for sys/types.h
configure:3650: gcc -c -g -O2  conftest.c >&5
configure:3650: $? = 0
configure:3650: result: yes
configure:3650: checking for sys/stat.h
configure:3650: gcc -c -g -O2  conftest.c >&5
configure:3650: $? = 0
configure:3650: result: yes
configure:3650: checking for stdlib.h
configure:3650: gcc -c -g -O2  conftest.c >&5
configure:3650: $? = 0
configure:3650: result: yes
configure:3650: checking for string.h
configure:3650: gcc -c -g -O2  conftest.c >&5
configure:3650: $? = 0
configure:3650: result: yes
configure:3650: checking for memory.h
configure:3650: gcc -c -g -O2  conftest.c >&5
configure:3650: $? = 0
configure:3650: result: yes
configure:3650: checking for strings.h
configure:3650: gcc -c -g -O2  conftest.c >&5
configure:3650: $? = 0
configure:3650: result: yes
configure:3650: checking for inttypes.h
configure:3650: gcc -c -g -O2  conftest.c >&5
configure:3650: $? = 0
configure:3650: result: yes
configure:3650: checking for stdint.h
configure:3650: gcc -c -g -O2  conftest.c >&5
configure:3650: $? = 0
configure:3650: result: yes
configure:3650: checking for unistd.h
configure:3650: gcc -c -g -O2  conftest.c >&5
configure:3650: $? = 0
configure:3650: result: yes
configure:3662: checking sys/sendfile.h usability
configure:3662: gcc -c -g -O2  conftest.c >&5
configure:3662: $? = 0
configure:3662: result: yes
configure:3662: checking sys/sendfile.h presence
configure:3662: gcc -E  conftest.c
configure:3662: $? = 0
configure:3662: result: yes
configure:3662: checking for sys/sendfile.h
configure:3662: result: yes
configure:3672: checking for sendfile
configure:3672: gcc -o conftest -g -O2   conftest.c -lc  >&5
configure:3672: $? = 0
configure:3672: result: yes
configure:3709: checking for getxattr in -lc
configure:3734: gcc -o conftest -g -O2   conftest.c -lc  -lc  >&5
configure:3734: $? = 0
configure:3743: result: yes
configure:3773: checking for unshare in -lc
configure:3798: gcc -o conftest -g -O2   conftest.c -lc  -lc -lc  >&5
configure:3798: $? = 0
configure:3807: result: yes
configure:3825: checking for setns in -lc
configure:3850: gcc -o conftest -g -O2   conftest.c -lc  -lc -lc -lc  >&5
configure:3850: $? = 0
configure:3859: result: yes
configure:4498: creating ./config.status

## ---------------------- ##
## Running config.status. ##
## ---------------------- ##

This file was extended by config.status, which was
generated by GNU Autoconf 2.69.  Invocation command line was

  CONFIG_FILES    = 
  CONFIG_HEADERS  = 
  CONFIG_LINKS    = 
  CONFIG_COMMANDS = 
  $ ./config.status 

on DellM6400

config.status:727: creating Makefile

## ---------------- ##
## Cache variables. ##
## ---------------- ##

ac_cv_c_compiler_gnu=yes
ac_cv_env_CC_set=
ac_cv_env_CC_value=
ac_cv_env_CFLAGS_set=
ac_cv_env_CFLAGS_value=
ac_cv_env_CPPFLAGS_set=
ac_cv_env_CPPFLAGS_value=
ac_cv_env_CPP_set=
ac_cv_env_CPP_value=
ac_cv_env_LDFLAGS_set=
ac_cv_env_LDFLAGS_value=
ac_cv_env_LIBS_set=
ac_cv_env_LIBS_value=
ac_cv_env_build_alias_set=
ac_cv_env_build_alias_value=
ac_cv_env_host_alias_set=
ac_cv_env_host_alias_value=
ac_cv_env_target_alias_set=
ac_cv_env_target_alias_value=
ac_cv_func_clearenv=yes
ac_cv_func_getentropy=yes
ac_cv_func_htonll=no
ac_cv_func_initgroups=yes
ac_cv_func_madvise=yes
ac_cv_func_mkostemp=yes
ac_cv_func_mlock=yes
ac_cv_func_mlockall=yes
ac_cv_func_mount=yes
ac_cv_func_munlockall=yes
ac_cv_func_ntohll=no
ac_cv_func_poll=yes
ac_cv_func_ptsname_r=yes
ac_cv_func_sendfile=yes
ac_cv_func_setresuid=yes
ac_cv_func_umount2=yes
ac_cv_func_umount=yes
ac_cv_header_inttypes_h=yes
ac_cv_header_memory_h=yes
ac_cv_header_stdc=yes
ac_cv_header_stdint_h=yes
ac_cv_header_stdlib_h=yes
ac_cv_header_string_h=yes
ac_cv_header_strings_h=yes
ac_cv_header_sys_sendfile_h=yes
ac_cv_header_sys_stat_h=yes
ac_cv_header_sys_types_h=yes
ac_cv_header_unistd_h=yes
ac_cv_lib_c_get_current_dir_name=yes
ac_cv_lib_c_getxattr=yes
ac_cv_lib_c_setns=yes
ac_cv_lib_c_unshare=yes
ac_cv_objext=o
ac_cv_path_EGREP='/bin/grep -E'
ac_cv_path_GREP=/bin/grep
ac_cv_prog_CPP='gcc -E'
ac_cv_prog_ac_ct_CC=gcc
ac_cv_prog_cc_c89=
ac_cv_prog_cc_g=yes
ac_cv_prog_make_make_set=yes
ac_cv_sys_file_offset_bits=64
ac_cv_sys_largefile_CC=no

## ----------------- ##
## Output variables. ##
## ----------------- ##

CC='gcc'
CFLAGS='-g -O2'
CPP='gcc -E'
CPPFLAGS=''
DEFS='-DPACKAGE_NAME=\"\" -DPACKAGE_TARNAME=\"\" -DPACKAGE_VERSION=\"\" -DPACKAGE_STRING=\"\" -DPACKAGE_BUGREPORT=\"\" -DPACKAGE_URL=\"\" -DSTDC_HEADERS=1 -D_FILE_OFFSET_BITS=64 -DHAVE_LIBC=1 -DHAVE_GET_CURR_DIR=1 -DHAVE_PTSNAME_R=1 -DHAVE_CLEARENV=1 -DHAVE_SETRESUID=1 -DHAVE_INITGROUPS=1 -DHAVE_POLL=1 -DHAVE_MLOCK=1 -DHAVE_MLOCKALL=1 -DHAVE_MUNLOCKALL=1 -DHAVE_MADVISE=1 -DHAVE_MKOSTEMP=1 -DHAVE_MOUNT=1 -DHAVE_UMOUNT=1 -DHAVE_UMOUNT2=1 -DHAVE_GETENTROPY=1 -DHAVE_SYS_TYPES_H=1 -DHAVE_SYS_STAT_H=1 -DHAVE_STDLIB_H=1 -DHAVE_STRING_H=1 -DHAVE_MEMORY_H=1 -DHAVE_STRINGS_H=1 -DHAVE_INTTYPES_H=1 -DHAVE_STDINT_H=1 -DHAVE_UNISTD_H=1 -DHAVE_SENDFILE=1 -DHAVE_LIBC=1 -DHAVE_XATTR=1 -DHAVE_LIBC=1 -DHAVE_UNSHARE=1 -DHAVE_LIBC=1 -DHAVE_SETNS=1'
ECHO_C=''
ECHO_N='-n'
ECHO_T=''
EGREP='/bin/grep -E'
EXEEXT=''
GREP='/bin/grep'
LDFLAGS=''
LIBOBJS=''
LIBS='-lc -lc -lc -lc '
LTLIBOBJS=''
OBJEXT='o'
PACKAGE_BUGREPORT=''
PACKAGE_NAME=''
PACKAGE_STRING=''
PACKAGE_TARNAME=''
PACKAGE_URL=''
PACKAGE_VERSION=''
PATH_SEPARATOR=':'
SET_MAKE=''
SHELL='/bin/sh'
SIMD_CFLAGS=''
ac_ct_CC='gcc'
bindir='${exec_prefix}/bin'
build_alias=''
datadir='${datarootdir}'
datarootdir='${prefix}/share'
docdir='${datarootdir}/doc/${PACKAGE}'
dvidir='${docdir}'
exec_prefix='${prefix}'
host_alias=''
htmldir='${docdir}'
includedir='${prefix}/include'
infodir='${datarootdir}/info'
libdir='${exec_prefix}/lib'
libexecdir='${exec_prefix}/libexec'
localedir='${datarootdir}/locale'
localstatedir='${prefix}/var'
mandir='${datarootdir}/man'
oldincludedir='/usr/include'
pdfdir='${docdir}'
prefix='/usr/local'
program_transform_name='s,x,x,'
psdir='${docdir}'
sbindir='${exec_prefix}/sbin'
sharedstatedir='${prefix}/com'
sysconfdir='${prefix}/etc'
target_alias=''

## ----------- ##
## confdefs.h. ##
## ----------- ##

/* confdefs.h */
#define PACKAGE_NAME ""
#define PACKAGE_TARNAME ""
#define PACKAGE_VERSION ""
#define PACKAGE_STRING ""
#define PACKAGE_BUGREPORT ""
#define PACKAGE_URL ""
#define STDC_HEADERS 1
#define _FILE_OFFSET_BITS 64
#define HAVE_LIBC 1
#define HAVE_GET_CURR_DIR 1
#define HAVE_PTSNAME_R 1
#define HAVE_CLEARENV 1
#define HAVE_SETRESUID 1
#define HAVE_INITGROUPS 1
#define HAVE_POLL 1
#define HAVE_MLOCK 1
#define HAVE_MLOCKALL 1
#define HAVE_MUNLOCKALL 1
#define HAVE_MADVISE 1
#define HAVE_MKOSTEMP 1
#define HAVE_MOUNT 1
#define HAVE_UMOUNT 1
#define HAVE_UMOUNT2 1
#define HAVE_GETENTROPY 1
#define HAVE_SYS_TYPES_H 1
#define HAVE_SYS_STAT_H 1
#define HAVE_STDLIB_H 1
#define HAVE_STRING_H 1
#define HAVE_MEMORY_H 1
#define HAVE_STRINGS_H 1
#define HAVE_INTTYPES_H 1
#define HAVE_STDINT_H 1
#define HAVE_UNISTD_H 1
#define HAVE_SENDFILE 1
#define HAVE_LIBC 1
#define HAVE_XATTR 1
#define HAVE_LIBC 1
#define HAVE_UNSHARE 1
#define HAVE_LIBC 1
#define HAVE_SETNS 1

configure: exit 0
